[0.000][INFO]:      ChromeDriver 23.0.1240.0 /home/Rodrigo/workspace/pm-75-leiloes/ChromeDrive/chromedriverLINUX
[0.533][FINE]:      Initializing session with capabilities {
   "browserName": "chrome",
   "chrome.switches": [  ],
   "chromeOptions": {
      "args": [  ],
      "extensions": [  ]
   },
   "platform": "ANY",
   "version": ""
}

[0.534][INFO]:      Launching chrome: /opt/google/chrome/google-chrome --enable-logging --log-level=1 --disable-hang-monitor --disable-prompt-on-repost --dom-automation --full-memory-crash-report --no-default-browser-check --no-first-run --disable-background-networking --disable-sync --disable-translate --disable-web-resources --safebrowsing-disable-auto-update --safebrowsing-disable-download-protection --disable-client-side-phishing-detection --disable-component-update --disable-default-apps --password-store=basic --ignore-certificate-errors about:blank
[1.140][INFO]:      Connected to Chrome successfully. Version: 22.0.1229.94
[1.207][FINE]:      Command received (/session/660d23b8cca48809c625d24788b4ba37)
[1.207][FINE]:      Command finished (/session/660d23b8cca48809c625d24788b4ba37) with response {
   "sessionId": "660d23b8cca48809c625d24788b4ba37",
   "status": 0,
   "value": {
      "acceptSslCerts": false,
      "applicationCacheEnabled": false,
      "browserConnectionEnabled": false,
      "browserName": "chrome",
      "chrome.chromedriverVersion": "23.0.1240.0",
      "chrome.nativeEvents": false,
      "cssSelectorsEnabled": true,
      "databaseEnabled": false,
      "handlesAlerts": true,
      "javascriptEnabled": true,
      "locationContextEnabled": false,
      "nativeEvents": true,
      "platform": "linux",
      "rotatable": false,
      "takesScreenshot": true,
      "version": "22.0.1229.94",
      "webStorageEnabled": true
   }
}

[1.224][FINE]:      Command received (/session/660d23b8cca48809c625d24788b4ba37/url) with params {
   "url": "http://localhost:7070/pm-75-leiloes/"
}

[1.224][FINER]:     Waiting for all views to stop loading...
[1.224][FINER]:     Done waiting for all views to stop loading
[4.797][FINER]:     Waiting for all views to stop loading...
[4.800][FINER]:     Done waiting for all views to stop loading
[4.800][FINE]:      Command finished (/session/660d23b8cca48809c625d24788b4ba37/url) with response {
   "sessionId": "660d23b8cca48809c625d24788b4ba37",
   "status": 0,
   "value": {

   }
}

[4.808][FINE]:      Command received (/session/660d23b8cca48809c625d24788b4ba37/element) with params {
   "using": "id",
   "value": "mensagem"
}

[4.808][FINER]:     Waiting for all views to stop loading...
[4.809][FINER]:     Done waiting for all views to stop loading
[4.833][FINER]:     Waiting for all views to stop loading...
[4.834][FINER]:     Done waiting for all views to stop loading
[4.834][FINE]:      Command finished (/session/660d23b8cca48809c625d24788b4ba37/element) with response {
   "sessionId": "660d23b8cca48809c625d24788b4ba37",
   "status": 0,
   "value": {
      "ELEMENT": ":wdc:1351680541801"
   }
}

[4.839][FINE]:      Command received (/session/660d23b8cca48809c625d24788b4ba37/element/:wdc:1351680541801/displayed)
[4.839][FINER]:     Waiting for all views to stop loading...
[4.840][FINER]:     Done waiting for all views to stop loading
[4.887][FINER]:     Waiting for all views to stop loading...
[4.888][FINER]:     Done waiting for all views to stop loading
[4.888][FINE]:      Command finished (/session/660d23b8cca48809c625d24788b4ba37/element/:wdc:1351680541801/displayed) with response {
   "sessionId": "660d23b8cca48809c625d24788b4ba37",
   "status": 0,
   "value": true
}

[4.891][FINE]:      Command received (/session/660d23b8cca48809c625d24788b4ba37/element/:wdc:1351680541801/text)
[4.891][FINER]:     Waiting for all views to stop loading...
[4.892][FINER]:     Done waiting for all views to stop loading
[4.930][FINER]:     Waiting for all views to stop loading...
[4.931][FINER]:     Done waiting for all views to stop loading
[4.931][FINE]:      Command finished (/session/660d23b8cca48809c625d24788b4ba37/element/:wdc:1351680541801/text) with response {
   "sessionId": "660d23b8cca48809c625d24788b4ba37",
   "status": 0,
   "value": "Aplica\u00E7\u00E3o do curso pm-75-leiloes da Caelum!"
}

[4.933][FINE]:      Command received (/session/660d23b8cca48809c625d24788b4ba37/window)
[5.864][INFO]:      Chrome shutdown
