Oct 29, 2012 11:48:03 AM org.apache.catalina.core.AprLifecycleListener init
INFO: The APR based Apache Tomcat Native library which allows optimal performance in production environments was not found on the java.library.path: /usr/java/packages/lib/i386:/lib:/usr/lib
Oct 29, 2012 11:48:03 AM org.apache.coyote.AbstractProtocol init
INFO: Initializing ProtocolHandler ["http-bio-7070"]
Oct 29, 2012 11:48:03 AM org.apache.coyote.AbstractProtocol init
INFO: Initializing ProtocolHandler ["ajp-bio-8009"]
Oct 29, 2012 11:48:03 AM org.apache.catalina.startup.Catalina load
INFO: Initialization processed in 681 ms
Oct 29, 2012 11:48:03 AM org.apache.catalina.core.StandardService startInternal
INFO: Starting service Catalina
Oct 29, 2012 11:48:03 AM org.apache.catalina.core.StandardEngine startInternal
INFO: Starting Servlet Engine: Apache Tomcat/7.0.32
Oct 29, 2012 11:48:03 AM org.apache.catalina.startup.HostConfig deployWAR
INFO: Deploying web application archive /home/Rodrigo/workspace/pm-75-leiloes/apache-tomcat-7.0.32/webapps/pm-75-leiloes.war
Oct 29, 2012 11:48:14 AM org.apache.catalina.util.SessionIdGenerator createSecureRandom
INFO: Creation of SecureRandom instance for session ID generation using [SHA1PRNG] took [9,539] milliseconds.
Oct 29, 2012 11:48:15 AM org.apache.catalina.startup.HostConfig deployDirectory
INFO: Deploying web application directory /home/Rodrigo/workspace/pm-75-leiloes/apache-tomcat-7.0.32/webapps/docs
Oct 29, 2012 11:48:15 AM org.apache.catalina.startup.HostConfig deployDirectory
INFO: Deploying web application directory /home/Rodrigo/workspace/pm-75-leiloes/apache-tomcat-7.0.32/webapps/host-manager
Oct 29, 2012 11:48:15 AM org.apache.catalina.startup.HostConfig deployDirectory
INFO: Deploying web application directory /home/Rodrigo/workspace/pm-75-leiloes/apache-tomcat-7.0.32/webapps/manager
Oct 29, 2012 11:48:15 AM org.apache.catalina.startup.HostConfig deployDirectory
INFO: Deploying web application directory /home/Rodrigo/workspace/pm-75-leiloes/apache-tomcat-7.0.32/webapps/examples
Oct 29, 2012 11:48:15 AM org.apache.catalina.startup.HostConfig deployDirectory
INFO: Deploying web application directory /home/Rodrigo/workspace/pm-75-leiloes/apache-tomcat-7.0.32/webapps/ROOT
Oct 29, 2012 11:48:15 AM org.apache.coyote.AbstractProtocol start
INFO: Starting ProtocolHandler ["http-bio-7070"]
Oct 29, 2012 11:48:15 AM org.apache.coyote.AbstractProtocol start
INFO: Starting ProtocolHandler ["ajp-bio-8009"]
Oct 29, 2012 11:48:15 AM org.apache.catalina.startup.Catalina start
INFO: Server startup in 11993 ms
Oct 29, 2012 11:48:25 AM org.apache.catalina.core.StandardServer await
INFO: A valid shutdown command was received via the shutdown port. Stopping the Server instance.
Oct 29, 2012 11:48:25 AM org.apache.coyote.AbstractProtocol pause
INFO: Pausing ProtocolHandler ["http-bio-7070"]
Oct 29, 2012 11:48:25 AM org.apache.coyote.AbstractProtocol pause
INFO: Pausing ProtocolHandler ["ajp-bio-8009"]
Oct 29, 2012 11:48:25 AM org.apache.catalina.core.StandardService stopInternal
INFO: Stopping service Catalina
Oct 29, 2012 11:48:25 AM org.apache.coyote.AbstractProtocol stop
INFO: Stopping ProtocolHandler ["http-bio-7070"]
Oct 29, 2012 11:48:25 AM org.apache.coyote.AbstractProtocol stop
INFO: Stopping ProtocolHandler ["ajp-bio-8009"]
Oct 29, 2012 11:48:25 AM org.apache.coyote.AbstractProtocol destroy
INFO: Destroying ProtocolHandler ["http-bio-7070"]
Oct 29, 2012 11:48:25 AM org.apache.coyote.AbstractProtocol destroy
INFO: Destroying ProtocolHandler ["ajp-bio-8009"]
